<?xml version="1.0" encoding="UTF-8"?>
<!-- Generated by org.testng.reporters.JUnitReportReporter -->
<testsuite skipped="0" hostname="Rajats-MacBook-Pro.local" name="utils.ExcelDataProvider" tests="3" failures="0" timestamp="2020-04-17T02:03:07 IST" time="24.357" errors="0">
  <testcase name="test1" time="6.860" classname="utils.ExcelDataProvider"/>
  <testcase name="test1" time="7.824" classname="utils.ExcelDataProvider"/>
  <testcase name="test1" time="9.673" classname="utils.ExcelDataProvider"/>
</testsuite> <!-- utils.ExcelDataProvider -->
