<?xml version="1.0" encoding="UTF-8"?>
<!-- Generated by org.testng.reporters.JUnitReportReporter -->
<testsuite skipped="0" hostname="Rajats-MacBook-Pro.local" name="test.extentReportsDemoWithTestNG" tests="2" failures="0" timestamp="2020-02-23T03:14:27 IST" time="1.907" errors="0">
  <testcase name="test1" time="1.905" classname="test.extentReportsDemoWithTestNG"/>
  <testcase name="test2" time="0.002" classname="test.extentReportsDemoWithTestNG"/>
</testsuite> <!-- test.extentReportsDemoWithTestNG -->
