<?xml version="1.0" encoding="UTF-8"?>
<!-- Generated by org.testng.reporters.JUnitReportReporter -->
<testsuite skipped="0" hostname="Rajats-MacBook-Pro.local" name="test.TestNGDemo" tests="1" failures="0" timestamp="2020-04-15T01:39:50 IST" time="3.171" errors="0">
  <testcase name="googleSearch" time="3.171" classname="test.TestNGDemo"/>
</testsuite> <!-- test.TestNGDemo -->
