<?xml version="1.0" encoding="UTF-8"?>
<!-- Generated by org.testng.reporters.JUnitReportReporter -->
<testsuite skipped="0" hostname="Rajats-MacBook-Pro.local" name="test.TestNGDemo" tests="1" failures="0" timestamp="2020-04-05T18:33:46 IST" time="1.425" errors="0">
  <testcase name="googleSearch" time="1.425" classname="test.TestNGDemo"/>
</testsuite> <!-- test.TestNGDemo -->
