<?xml version="1.0" encoding="UTF-8"?>
<!-- Generated by org.testng.reporters.JUnitReportReporter -->
<testsuite skipped="0" hostname="Rajats-MacBook-Pro.local" name="test.Test1_GoogleSearch" tests="1" failures="0" timestamp="2020-04-11T20:53:04 IST" time="5.934" errors="0">
  <testcase name="googleSearch" time="5.934" classname="test.Test1_GoogleSearch"/>
</testsuite> <!-- test.Test1_GoogleSearch -->
