<?xml version="1.0" encoding="UTF-8"?>
<!-- Generated by org.testng.reporters.JUnitReportReporter -->
<testsuite skipped="0" hostname="Rajats-MacBook-Pro.local" name="utils.ExcelDataProvider" tests="3" failures="0" timestamp="2020-04-10T02:41:27 IST" time="23.130" errors="0">
  <testcase name="test1" time="6.763" classname="utils.ExcelDataProvider"/>
  <testcase name="test1" time="9.607" classname="utils.ExcelDataProvider"/>
  <testcase name="test1" time="6.760" classname="utils.ExcelDataProvider"/>
</testsuite> <!-- utils.ExcelDataProvider -->
